#
# There is insufficient memory for the Java Runtime Environment to continue.
# Native memory allocation (mmap) failed to map 256376832 bytes for committing reserved memory.
# Possible reasons:
#   The system is out of physical RAM or swap space
#   In 32 bit mode, the process size limit was hit
# Possible solutions:
#   Reduce memory load on the system
#   Increase physical memory or swap space
#   Check if swap backing store is full
#   Use 64 bit Java on a 64 bit OS
#   Decrease Java heap size (-Xmx/-Xms)
#   Decrease number of Java threads
#   Decrease Java thread stack sizes (-Xss)
#   Set larger code cache with -XX:ReservedCodeCacheSize=
# This output file may be truncated or incomplete.
#
#  Out of Memory Error (os_linux.cpp:2673), pid=8018, tid=140207599707904
#
# JRE version: Java(TM) SE Runtime Environment (8.0_45-b14) (build 1.8.0_45-b14)
# Java VM: Java HotSpot(TM) 64-Bit Server VM (25.45-b02 mixed mode linux-amd64 compressed oops)
# Failed to write core dump. Core dumps have been disabled. To enable core dumping, try "ulimit -c unlimited" before starting Java again
#

---------------  T H R E A D  ---------------

Current thread (0x00007f84b8077800):  VMThread [stack: 0x00007f84a01ce000,0x00007f84a02cf000] [id=8024]

Stack: [0x00007f84a01ce000,0x00007f84a02cf000],  sp=0x00007f84a02ccfe0,  free space=1019k
Native frames: (J=compiled Java code, j=interpreted, Vv=VM code, C=native code)
V  [libjvm.so+0xaac99a]  VMError::report_and_die()+0x2ba
V  [libjvm.so+0x4f333b]  report_vm_out_of_memory(char const*, int, unsigned long, VMErrorType, char const*)+0x8b
V  [libjvm.so+0x90e7c3]  os::Linux::commit_memory_impl(char*, unsigned long, bool)+0x103
V  [libjvm.so+0x90ed19]  os::pd_commit_memory(char*, unsigned long, unsigned long, bool)+0x29
V  [libjvm.so+0x90867a]  os::commit_memory(char*, unsigned long, unsigned long, bool)+0x2a
V  [libjvm.so+0x97bac3]  PSVirtualSpace::expand_by(unsigned long)+0x53
V  [libjvm.so+0x97cec8]  PSYoungGen::resize_generation(unsigned long, unsigned long)+0xf8
V  [libjvm.so+0x97c022]  PSYoungGen::resize(unsigned long, unsigned long)+0x22
V  [libjvm.so+0x9792fb]  PSScavenge::invoke_no_policy()+0xf7b
V  [libjvm.so+0x979a81]  PSScavenge::invoke()+0x41
V  [libjvm.so+0x932050]  ParallelScavengeHeap::failed_mem_allocate(unsigned long)+0x70
V  [libjvm.so+0xaae1d7]  VM_ParallelGCFailedAllocation::doit()+0x97
V  [libjvm.so+0xab59c5]  VM_Operation::evaluate()+0x55
V  [libjvm.so+0xab3d9a]  VMThread::evaluate_operation(VM_Operation*)+0xba
V  [libjvm.so+0xab411e]  VMThread::loop()+0x1ce
V  [libjvm.so+0xab4590]  VMThread::run()+0x70
V  [libjvm.so+0x910de8]  java_start(Thread*)+0x108

VM_Operation (0x00007f84c0afc730): ParallelGCFailedAllocation, mode: safepoint, requested by thread 0x00007f84b8009800


---------------  P R O C E S S  ---------------

Java Threads: ( => current thread )
  0x00007f84b80c2000 JavaThread "Service Thread" daemon [_thread_blocked, id=8031, stack(0x00007f849b318000,0x00007f849b419000)]
  0x00007f84b80bc800 JavaThread "C1 CompilerThread2" daemon [_thread_blocked, id=8030, stack(0x00007f849b419000,0x00007f849b51a000)]
  0x00007f84b80bb000 JavaThread "C2 CompilerThread1" daemon [_thread_blocked, id=8029, stack(0x00007f849b51a000,0x00007f849b61b000)]
  0x00007f84b80b8000 JavaThread "C2 CompilerThread0" daemon [_thread_blocked, id=8028, stack(0x00007f849b61b000,0x00007f849b71c000)]
  0x00007f84b80b6800 JavaThread "Signal Dispatcher" daemon [_thread_blocked, id=8027, stack(0x00007f849b71c000,0x00007f849b81d000)]
  0x00007f84b807e800 JavaThread "Finalizer" daemon [_thread_blocked, id=8026, stack(0x00007f849beff000,0x00007f849c000000)]
  0x00007f84b807c800 JavaThread "Reference Handler" daemon [_thread_blocked, id=8025, stack(0x00007f84a00cd000,0x00007f84a01ce000)]
  0x00007f84b8009800 JavaThread "main" [_thread_blocked, id=8019, stack(0x00007f84c09fd000,0x00007f84c0afe000)]

Other Threads:
=>0x00007f84b8077800 VMThread [stack: 0x00007f84a01ce000,0x00007f84a02cf000] [id=8024]
  0x00007f84b80c4800 WatcherThread [stack: 0x00007f849b217000,0x00007f849b318000] [id=8032]

VM state:at safepoint (normal execution)

VM Mutex/Monitor currently owned by a thread:  ([mutex/lock_event])
[0x00007f84b8005d50] Threads_lock - owner thread: 0x00007f84b8077800
[0x00007f84b8006250] Heap_lock - owner thread: 0x00007f84b8009800

Heap:
 PSYoungGen      total 105472K, used 5120K [0x00000000d7e00000, 0x00000000df680000, 0x0000000100000000)
  eden space 100352K, 0% used [0x00000000d7e00000,0x00000000d7e00000,0x00000000de000000)
  from space 5120K, 100% used [0x00000000de000000,0x00000000de500000,0x00000000de500000)
  to   space 5120K, 0% used [0x00000000de500000,0x00000000de500000,0x00000000dea00000)
 ParOldGen       total 280576K, used 280369K [0x0000000087a00000, 0x0000000098c00000, 0x00000000d7e00000)
  object space 280576K, 99% used [0x0000000087a00000,0x0000000098bcc7a8,0x0000000098c00000)
 Metaspace       used 2483K, capacity 4494K, committed 4864K, reserved 1056768K
  class space    used 266K, capacity 386K, committed 512K, reserved 1048576K

Card table byte_map: [0x00007f84bd416000,0x00007f84bd7da000] byte_map_base: 0x00007f84bcfd9000

Marking Bits: (ParMarkBitMap*) 0x00007f84bfed7760
 Begin Bits: [0x00007f84a03d0000, 0x00007f84a21e8000)
 End Bits:   [0x00007f84a21e8000, 0x00007f84a4000000)

Polling page: 0x00007f84c0b1e000

CodeCache: size=245760Kb used=1193Kb max_used=1206Kb free=244566Kb
 bounds [0x00007f84a9000000, 0x00007f84a9270000, 0x00007f84b8000000]
 total_blobs=286 nmethods=58 adapters=143
 compilation: enabled

Compilation events (10 events):
Event: 0.598 Thread 0x00007f84b80b8000 nmethod 54 0x00007f84a91248d0 code [0x00007f84a9124a20, 0x00007f84a9124b78]
Event: 0.599 Thread 0x00007f84b80bb000 nmethod 53 0x00007f84a9127a50 code [0x00007f84a9127ba0, 0x00007f84a9127cd8]
Event: 0.605 Thread 0x00007f84b80b8000   55       4       p347::main (468 bytes)
Event: 0.605 Thread 0x00007f84b80bb000   56 %     4       java.util.HashMap::resize @ 238 (359 bytes)
Event: 0.734 Thread 0x00007f84b80bb000 nmethod 56% 0x00007f84a9126d10 code [0x00007f84a9126ea0, 0x00007f84a91275d8]
Event: 0.734 Thread 0x00007f84b80bb000   57 %     4       java.util.HashMap::resize @ 154 (359 bytes)
Event: 0.735 Thread 0x00007f84b80b8000 nmethod 55 0x00007f84a912e710 code [0x00007f84a912ea00, 0x00007f84a912fbe8]
Event: 0.743 Thread 0x00007f84b80bb000 nmethod 57% 0x00007f84a9125890 code [0x00007f84a9125a20, 0x00007f84a9125fd8]
Event: 0.743 Thread 0x00007f84b80b8000   58       4       java.util.HashMap::resize (359 bytes)
Event: 1.876 Thread 0x00007f84b80b8000 nmethod 58 0x00007f84a912dc90 code [0x00007f84a912de20, 0x00007f84a912e3b8]

GC Heap History (10 events):
Event: 0.713 GC heap after
Heap after GC invocations=2 (full 1):
 PSYoungGen      total 36352K, used 0K [0x00000000d7e00000, 0x00000000dc500000, 0x0000000100000000)
  eden space 31232K, 0% used [0x00000000d7e00000,0x00000000d7e00000,0x00000000d9c80000)
  from space 5120K, 0% used [0x00000000d9c80000,0x00000000d9c80000,0x00000000da180000)
  to   space 5120K, 0% used [0x00000000dc000000,0x00000000dc000000,0x00000000dc500000)
 ParOldGen       total 153600K, used 68049K [0x0000000087a00000, 0x0000000091000000, 0x00000000d7e00000)
  object space 153600K, 44% used [0x0000000087a00000,0x000000008bc747b0,0x0000000091000000)
 Metaspace       used 2483K, capacity 4494K, committed 4864K, reserved 1056768K
  class space    used 266K, capacity 386K, committed 512K, reserved 1048576K
}
Event: 0.749 GC heap before
{Heap before GC invocations=3 (full 1):
 PSYoungGen      total 36352K, used 31232K [0x00000000d7e00000, 0x00000000dc500000, 0x0000000100000000)
  eden space 31232K, 100% used [0x00000000d7e00000,0x00000000d9c80000,0x00000000d9c80000)
  from space 5120K, 0% used [0x00000000d9c80000,0x00000000d9c80000,0x00000000da180000)
  to   space 5120K, 0% used [0x00000000dc000000,0x00000000dc000000,0x00000000dc500000)
 ParOldGen       total 153600K, used 68049K [0x0000000087a00000, 0x0000000091000000, 0x00000000d7e00000)
  object space 153600K, 44% used [0x0000000087a00000,0x000000008bc747b0,0x0000000091000000)
 Metaspace       used 2483K, capacity 4494K, committed 4864K, reserved 1056768K
  class space    used 266K, capacity 386K, committed 512K, reserved 1048576K
Event: 1.875 GC heap after
Heap after GC invocations=3 (full 1):
 PSYoungGen      total 60928K, used 5088K [0x00000000d7e00000, 0x00000000dc500000, 0x0000000100000000)
  eden space 55808K, 0% used [0x00000000d7e00000,0x00000000d7e00000,0x00000000db480000)
  from space 5120K, 99% used [0x00000000dc000000,0x00000000dc4f8010,0x00000000dc500000)
  to   space 5120K, 0% used [0x00000000dbb00000,0x00000000dbb00000,0x00000000dc000000)
 ParOldGen       total 153600K, used 91105K [0x0000000087a00000, 0x0000000091000000, 0x00000000d7e00000)
  object space 153600K, 59% used [0x0000000087a00000,0x000000008d2f87c0,0x0000000091000000)
 Metaspace       used 2483K, capacity 4494K, committed 4864K, reserved 1056768K
  class space    used 266K, capacity 386K, committed 512K, reserved 1048576K
}
Event: 3.102 GC heap before
{Heap before GC invocations=4 (full 1):
 PSYoungGen      total 60928K, used 60896K [0x00000000d7e00000, 0x00000000dc500000, 0x0000000100000000)
  eden space 55808K, 100% used [0x00000000d7e00000,0x00000000db480000,0x00000000db480000)
  from space 5120K, 99% used [0x00000000dc000000,0x00000000dc4f8010,0x00000000dc500000)
  to   space 5120K, 0% used [0x00000000dbb00000,0x00000000dbb00000,0x00000000dc000000)
 ParOldGen       total 153600K, used 91105K [0x0000000087a00000, 0x0000000091000000, 0x00000000d7e00000)
  object space 153600K, 59% used [0x0000000087a00000,0x000000008d2f87c0,0x0000000091000000)
 Metaspace       used 2483K, capacity 4494K, committed 4864K, reserved 1056768K
  class space    used 266K, capacity 386K, committed 512K, reserved 1048576K
Event: 5.050 GC heap after
Heap after GC invocations=4 (full 1):
 PSYoungGen      total 67584K, used 5120K [0x00000000d7e00000, 0x00000000dea00000, 0x0000000100000000)
  eden space 62464K, 0% used [0x00000000d7e00000,0x00000000d7e00000,0x00000000dbb00000)
  from space 5120K, 100% used [0x00000000dbb00000,0x00000000dc000000,0x00000000dc000000)
  to   space 5120K, 0% used [0x00000000de500000,0x00000000de500000,0x00000000dea00000)
 ParOldGen       total 153600K, used 138097K [0x0000000087a00000, 0x0000000091000000, 0x00000000d7e00000)
  object space 153600K, 89% used [0x0000000087a00000,0x00000000900dc7d0,0x0000000091000000)
 Metaspace       used 2483K, capacity 4494K, committed 4864K, reserved 1056768K
  class space    used 266K, capacity 386K, committed 512K, reserved 1048576K
}
Event: 5.050 GC heap before
{Heap before GC invocations=5 (full 2):
 PSYoungGen      total 67584K, used 5120K [0x00000000d7e00000, 0x00000000dea00000, 0x0000000100000000)
  eden space 62464K, 0% used [0x00000000d7e00000,0x00000000d7e00000,0x00000000dbb00000)
  from space 5120K, 100% used [0x00000000dbb00000,0x00000000dc000000,0x00000000dc000000)
  to   space 5120K, 0% used [0x00000000de500000,0x00000000de500000,0x00000000dea00000)
 ParOldGen       total 153600K, used 138097K [0x0000000087a00000, 0x0000000091000000, 0x00000000d7e00000)
  object space 153600K, 89% used [0x0000000087a00000,0x00000000900dc7d0,0x0000000091000000)
 Metaspace       used 2483K, capacity 4494K, committed 4864K, reserved 1056768K
  class space    used 266K, capacity 386K, committed 512K, reserved 1048576K
Event: 5.765 GC heap after
Heap after GC invocations=5 (full 2):
 PSYoungGen      total 67584K, used 0K [0x00000000d7e00000, 0x00000000dea00000, 0x0000000100000000)
  eden space 62464K, 0% used [0x00000000d7e00000,0x00000000d7e00000,0x00000000dbb00000)
  from space 5120K, 0% used [0x00000000dbb00000,0x00000000dbb00000,0x00000000dc000000)
  to   space 5120K, 0% used [0x00000000de500000,0x00000000de500000,0x00000000dea00000)
 ParOldGen       total 261632K, used 140665K [0x0000000087a00000, 0x0000000097980000, 0x00000000d7e00000)
  object space 261632K, 53% used [0x0000000087a00000,0x000000009035e788,0x0000000097980000)
 Metaspace       used 2483K, capacity 4494K, committed 4864K, reserved 1056768K
  class space    used 266K, capacity 386K, committed 512K, reserved 1048576K
}
Event: 5.797 GC heap before
{Heap before GC invocations=6 (full 2):
 PSYoungGen      total 67584K, used 62464K [0x00000000d7e00000, 0x00000000dea00000, 0x0000000100000000)
  eden space 62464K, 100% used [0x00000000d7e00000,0x00000000dbb00000,0x00000000dbb00000)
  from space 5120K, 0% used [0x00000000dbb00000,0x00000000dbb00000,0x00000000dc000000)
  to   space 5120K, 0% used [0x00000000de500000,0x00000000de500000,0x00000000dea00000)
 ParOldGen       total 261632K, used 140665K [0x0000000087a00000, 0x0000000097980000, 0x00000000d7e00000)
  object space 261632K, 53% used [0x0000000087a00000,0x000000009035e788,0x0000000097980000)
 Metaspace       used 2483K, capacity 4494K, committed 4864K, reserved 1056768K
  class space    used 266K, capacity 386K, committed 512K, reserved 1048576K
Event: 10.355 GC heap after
Heap after GC invocations=6 (full 2):
 PSYoungGen      total 105472K, used 5120K [0x00000000d7e00000, 0x00000000df680000, 0x0000000100000000)
  eden space 100352K, 0% used [0x00000000d7e00000,0x00000000d7e00000,0x00000000de000000)
  from space 5120K, 100% used [0x00000000de500000,0x00000000dea00000,0x00000000dea00000)
  to   space 5120K, 0% used [0x00000000de000000,0x00000000de000000,0x00000000de500000)
 ParOldGen       total 261632K, used 190945K [0x0000000087a00000, 0x0000000097980000, 0x00000000d7e00000)
  object space 261632K, 72% used [0x0000000087a00000,0x0000000093478798,0x0000000097980000)
 Metaspace       used 2483K, capacity 4494K, committed 4864K, reserved 1056768K
  class space    used 266K, capacity 386K, committed 512K, reserved 1048576K
}
Event: 10.426 GC heap before
{Heap before GC invocations=7 (full 2):
 PSYoungGen      total 105472K, used 105472K [0x00000000d7e00000, 0x00000000df680000, 0x0000000100000000)
  eden space 100352K, 100% used [0x00000000d7e00000,0x00000000de000000,0x00000000de000000)
  from space 5120K, 100% used [0x00000000de500000,0x00000000dea00000,0x00000000dea00000)
  to   space 5120K, 0% used [0x00000000de000000,0x00000000de000000,0x00000000de500000)
 ParOldGen       total 261632K, used 190945K [0x0000000087a00000, 0x0000000097980000, 0x00000000d7e00000)
  object space 261632K, 72% used [0x0000000087a00000,0x0000000093478798,0x0000000097980000)
 Metaspace       used 2483K, capacity 4494K, committed 4864K, reserved 1056768K
  class space    used 266K, capacity 386K, committed 512K, reserved 1048576K

Deoptimization events (2 events):
Event: 0.419 Thread 0x00007f84b8009800 Uncommon trap: reason=unstable_if action=reinterpret pc=0x00007f84a9111dec method=prime.prime_func()V @ 6
Event: 0.423 Thread 0x00007f84b8009800 Uncommon trap: reason=unstable_if action=reinterpret pc=0x00007f84a910f744 method=prime.prime_func()V @ 85

Internal exceptions (2 events):
Event: 0.267 Thread 0x00007f84b8009800 Exception <a 'java/lang/NoSuchMethodError': Method sun.misc.Unsafe.defineClass(Ljava/lang/String;[BII)Ljava/lang/Class; name or signature does not match> (0x00000000d7e12a38) thrown at [/RE-WORK/workspace/8-2-build-linux-amd64/jdk8u45/3457/hotspot/src/sha
Event: 0.267 Thread 0x00007f84b8009800 Exception <a 'java/lang/NoSuchMethodError': Method sun.misc.Unsafe.prefetchRead(Ljava/lang/Object;J)V name or signature does not match> (0x00000000d7e12cc8) thrown at [/RE-WORK/workspace/8-2-build-linux-amd64/jdk8u45/3457/hotspot/src/share/vm/prims/jni.cp

Events (10 events):
Event: 0.605 Thread 0x00007f84b8009800 DEOPT UNPACKING pc=0x00007f84a9047633 sp=0x00007f84c0afc5f8 mode 0
Event: 0.611 Executing VM operation: ParallelGCFailedAllocation
Event: 0.713 Executing VM operation: ParallelGCFailedAllocation done
Event: 0.749 Executing VM operation: ParallelGCFailedAllocation
Event: 1.875 Executing VM operation: ParallelGCFailedAllocation done
Event: 3.102 Executing VM operation: ParallelGCFailedAllocation
Event: 5.766 Executing VM operation: ParallelGCFailedAllocation done
Event: 5.797 Executing VM operation: ParallelGCFailedAllocation
Event: 10.355 Executing VM operation: ParallelGCFailedAllocation done
Event: 10.426 Executing VM operation: ParallelGCFailedAllocation


Dynamic libraries:
00400000-00401000 r-xp 00000000 08:07 19697261                           /usr/lib/jvm/java-8-oracle/jre/bin/java
00600000-00601000 rw-p 00000000 08:07 19697261                           /usr/lib/jvm/java-8-oracle/jre/bin/java
007bb000-007dc000 rw-p 00000000 00:00 0                                  [heap]
87a00000-98c00000 rw-p 00000000 00:00 0 
98c00000-d7e00000 ---p 00000000 00:00 0 
d7e00000-df680000 rw-p 00000000 00:00 0 
eeb00000-100000000 ---p 00000000 00:00 0 
100000000-100080000 rw-p 00000000 00:00 0 
100080000-140000000 ---p 00000000 00:00 0 
7f846c000000-7f846c021000 rw-p 00000000 00:00 0 
7f846c021000-7f8470000000 ---p 00000000 00:00 0 
7f8470000000-7f8470021000 rw-p 00000000 00:00 0 
7f8470021000-7f8474000000 ---p 00000000 00:00 0 
7f8474000000-7f8474131000 rw-p 00000000 00:00 0 
7f8474131000-7f8478000000 ---p 00000000 00:00 0 
7f8478000000-7f8478049000 rw-p 00000000 00:00 0 
7f8478049000-7f847c000000 ---p 00000000 00:00 0 
7f847c000000-7f847c021000 rw-p 00000000 00:00 0 
7f847c021000-7f8480000000 ---p 00000000 00:00 0 
7f8480000000-7f848029e000 rw-p 00000000 00:00 0 
7f848029e000-7f8484000000 ---p 00000000 00:00 0 
7f8484000000-7f8484021000 rw-p 00000000 00:00 0 
7f8484021000-7f8488000000 ---p 00000000 00:00 0 
7f8488000000-7f8488021000 rw-p 00000000 00:00 0 
7f8488021000-7f848c000000 ---p 00000000 00:00 0 
7f848c000000-7f848c021000 rw-p 00000000 00:00 0 
7f848c021000-7f8490000000 ---p 00000000 00:00 0 
7f8490000000-7f8490021000 rw-p 00000000 00:00 0 
7f8490021000-7f8494000000 ---p 00000000 00:00 0 
7f8494000000-7f8494021000 rw-p 00000000 00:00 0 
7f8494021000-7f8498000000 ---p 00000000 00:00 0 
7f849af93000-7f849b217000 rw-p 00000000 00:00 0 
7f849b217000-7f849b218000 ---p 00000000 00:00 0 
7f849b218000-7f849b318000 rw-p 00000000 00:00 0                          [stack:8032]
7f849b318000-7f849b31b000 ---p 00000000 00:00 0 
7f849b31b000-7f849b419000 rw-p 00000000 00:00 0                          [stack:8031]
7f849b419000-7f849b41c000 ---p 00000000 00:00 0 
7f849b41c000-7f849b51a000 rw-p 00000000 00:00 0                          [stack:8030]
7f849b51a000-7f849b51d000 ---p 00000000 00:00 0 
7f849b51d000-7f849b61b000 rw-p 00000000 00:00 0                          [stack:8029]
7f849b61b000-7f849b61e000 ---p 00000000 00:00 0 
7f849b61e000-7f849b71c000 rw-p 00000000 00:00 0                          [stack:8028]
7f849b71c000-7f849b71f000 ---p 00000000 00:00 0 
7f849b71f000-7f849b81d000 rw-p 00000000 00:00 0                          [stack:8027]
7f849b81d000-7f849beff000 r--p 00000000 08:07 19667583                   /usr/lib/locale/locale-archive
7f849beff000-7f849bf02000 ---p 00000000 00:00 0 
7f849bf02000-7f849c000000 rw-p 00000000 00:00 0                          [stack:8026]
7f849c000000-7f849c021000 rw-p 00000000 00:00 0 
7f849c021000-7f84a0000000 ---p 00000000 00:00 0 
7f84a00cd000-7f84a00d0000 ---p 00000000 00:00 0 
7f84a00d0000-7f84a01ce000 rw-p 00000000 00:00 0                          [stack:8025]
7f84a01ce000-7f84a01cf000 ---p 00000000 00:00 0 
7f84a01cf000-7f84a4000000 rw-p 00000000 00:00 0                          [stack:8024]
7f84a4000000-7f84a4021000 rw-p 00000000 00:00 0 
7f84a4021000-7f84a8000000 ---p 00000000 00:00 0 
7f84a8096000-7f84a8e27000 rw-p 00000000 00:00 0 
7f84a8e27000-7f84a9000000 r--s 03d09000 08:07 19943976                   /usr/lib/jvm/java-8-oracle/jre/lib/rt.jar
7f84a9000000-7f84a9270000 rwxp 00000000 00:00 0 
7f84a9270000-7f84b8000000 ---p 00000000 00:00 0 
7f84b8000000-7f84b80e7000 rw-p 00000000 00:00 0 
7f84b80e7000-7f84bc000000 ---p 00000000 00:00 0 
7f84bc007000-7f84bc60d000 rw-p 00000000 00:00 0 
7f84bc60d000-7f84bc9cd000 ---p 00000000 00:00 0 
7f84bc9cd000-7f84bcd90000 rw-p 00000000 00:00 0 
7f84bcd90000-7f84bcd91000 ---p 00000000 00:00 0 
7f84bcd91000-7f84bce91000 rw-p 00000000 00:00 0                          [stack:8023]
7f84bce91000-7f84bce92000 ---p 00000000 00:00 0 
7f84bce92000-7f84bcf92000 rw-p 00000000 00:00 0                          [stack:8022]
7f84bcf92000-7f84bcf93000 ---p 00000000 00:00 0 
7f84bcf93000-7f84bd093000 rw-p 00000000 00:00 0                          [stack:8021]
7f84bd093000-7f84bd094000 ---p 00000000 00:00 0 
7f84bd094000-7f84bd21d000 rw-p 00000000 00:00 0                          [stack:8020]
7f84bd21d000-7f84bd416000 ---p 00000000 00:00 0 
7f84bd416000-7f84bd49f000 rw-p 00000000 00:00 0 
7f84bd49f000-7f84bd698000 ---p 00000000 00:00 0 
7f84bd698000-7f84bd6d5000 rw-p 00000000 00:00 0 
7f84bd6d5000-7f84bd7d9000 ---p 00000000 00:00 0 
7f84bd7d9000-7f84bd7e4000 rw-p 00000000 00:00 0 
7f84bd7e4000-7f84bdb9a000 ---p 00000000 00:00 0 
7f84bdb9a000-7f84bdbb4000 r-xp 00000000 08:07 19944031                   /usr/lib/jvm/java-8-oracle/jre/lib/amd64/libzip.so
7f84bdbb4000-7f84bddb4000 ---p 0001a000 08:07 19944031                   /usr/lib/jvm/java-8-oracle/jre/lib/amd64/libzip.so
7f84bddb4000-7f84bddb5000 rw-p 0001a000 08:07 19944031                   /usr/lib/jvm/java-8-oracle/jre/lib/amd64/libzip.so
7f84bddb5000-7f84bddc0000 r-xp 00000000 08:07 2363896                    /lib/x86_64-linux-gnu/libnss_files-2.19.so
7f84bddc0000-7f84bdfbf000 ---p 0000b000 08:07 2363896                    /lib/x86_64-linux-gnu/libnss_files-2.19.so
7f84bdfbf000-7f84bdfc0000 r--p 0000a000 08:07 2363896                    /lib/x86_64-linux-gnu/libnss_files-2.19.so
7f84bdfc0000-7f84bdfc1000 rw-p 0000b000 08:07 2363896                    /lib/x86_64-linux-gnu/libnss_files-2.19.so
7f84bdfc1000-7f84bdfcc000 r-xp 00000000 08:07 2364062                    /lib/x86_64-linux-gnu/libnss_nis-2.19.so
7f84bdfcc000-7f84be1cb000 ---p 0000b000 08:07 2364062                    /lib/x86_64-linux-gnu/libnss_nis-2.19.so
7f84be1cb000-7f84be1cc000 r--p 0000a000 08:07 2364062                    /lib/x86_64-linux-gnu/libnss_nis-2.19.so
7f84be1cc000-7f84be1cd000 rw-p 0000b000 08:07 2364062                    /lib/x86_64-linux-gnu/libnss_nis-2.19.so
7f84be1cd000-7f84be1e4000 r-xp 00000000 08:07 2364040                    /lib/x86_64-linux-gnu/libnsl-2.19.so
7f84be1e4000-7f84be3e3000 ---p 00017000 08:07 2364040                    /lib/x86_64-linux-gnu/libnsl-2.19.so
7f84be3e3000-7f84be3e4000 r--p 00016000 08:07 2364040                    /lib/x86_64-linux-gnu/libnsl-2.19.so
7f84be3e4000-7f84be3e5000 rw-p 00017000 08:07 2364040                    /lib/x86_64-linux-gnu/libnsl-2.19.so
7f84be3e5000-7f84be3e7000 rw-p 00000000 00:00 0 
7f84be3e7000-7f84be3f0000 r-xp 00000000 08:07 2364038                    /lib/x86_64-linux-gnu/libnss_compat-2.19.so
7f84be3f0000-7f84be5ef000 ---p 00009000 08:07 2364038                    /lib/x86_64-linux-gnu/libnss_compat-2.19.so
7f84be5ef000-7f84be5f0000 r--p 00008000 08:07 2364038                    /lib/x86_64-linux-gnu/libnss_compat-2.19.so
7f84be5f0000-7f84be5f1000 rw-p 00009000 08:07 2364038                    /lib/x86_64-linux-gnu/libnss_compat-2.19.so
7f84be5f1000-7f84be61b000 r-xp 00000000 08:07 19944010                   /usr/lib/jvm/java-8-oracle/jre/lib/amd64/libjava.so
7f84be61b000-7f84be81b000 ---p 0002a000 08:07 19944010                   /usr/lib/jvm/java-8-oracle/jre/lib/amd64/libjava.so
7f84be81b000-7f84be81d000 rw-p 0002a000 08:07 19944010                   /usr/lib/jvm/java-8-oracle/jre/lib/amd64/libjava.so
7f84be81d000-7f84be82a000 r-xp 00000000 08:07 19944026                   /usr/lib/jvm/java-8-oracle/jre/lib/amd64/libverify.so
7f84be82a000-7f84bea2a000 ---p 0000d000 08:07 19944026                   /usr/lib/jvm/java-8-oracle/jre/lib/amd64/libverify.so
7f84bea2a000-7f84bea2c000 rw-p 0000d000 08:07 19944026                   /usr/lib/jvm/java-8-oracle/jre/lib/amd64/libverify.so
7f84bea2c000-7f84bea33000 r-xp 00000000 08:07 2364056                    /lib/x86_64-linux-gnu/librt-2.19.so
7f84bea33000-7f84bec32000 ---p 00007000 08:07 2364056                    /lib/x86_64-linux-gnu/librt-2.19.so
7f84bec32000-7f84bec33000 r--p 00006000 08:07 2364056                    /lib/x86_64-linux-gnu/librt-2.19.so
7f84bec33000-7f84bec34000 rw-p 00007000 08:07 2364056                    /lib/x86_64-linux-gnu/librt-2.19.so
7f84bec34000-7f84bed39000 r-xp 00000000 08:07 2363293                    /lib/x86_64-linux-gnu/libm-2.19.so
7f84bed39000-7f84bef38000 ---p 00105000 08:07 2363293                    /lib/x86_64-linux-gnu/libm-2.19.so
7f84bef38000-7f84bef39000 r--p 00104000 08:07 2363293                    /lib/x86_64-linux-gnu/libm-2.19.so
7f84bef39000-7f84bef3a000 rw-p 00105000 08:07 2363293                    /lib/x86_64-linux-gnu/libm-2.19.so
7f84bef3a000-7f84bfbe8000 r-xp 00000000 08:07 19944035                   /usr/lib/jvm/java-8-oracle/jre/lib/amd64/server/libjvm.so
7f84bfbe8000-7f84bfde7000 ---p 00cae000 08:07 19944035                   /usr/lib/jvm/java-8-oracle/jre/lib/amd64/server/libjvm.so
7f84bfde7000-7f84bfebe000 rw-p 00cad000 08:07 19944035                   /usr/lib/jvm/java-8-oracle/jre/lib/amd64/server/libjvm.so
7f84bfebe000-7f84bff02000 rw-p 00000000 00:00 0 
7f84bff02000-7f84c00bd000 r-xp 00000000 08:07 2364050                    /lib/x86_64-linux-gnu/libc-2.19.so
7f84c00bd000-7f84c02bc000 ---p 001bb000 08:07 2364050                    /lib/x86_64-linux-gnu/libc-2.19.so
7f84c02bc000-7f84c02c0000 r--p 001ba000 08:07 2364050                    /lib/x86_64-linux-gnu/libc-2.19.so
7f84c02c0000-7f84c02c2000 rw-p 001be000 08:07 2364050                    /lib/x86_64-linux-gnu/libc-2.19.so
7f84c02c2000-7f84c02c7000 rw-p 00000000 00:00 0 
7f84c02c7000-7f84c02ca000 r-xp 00000000 08:07 2364031                    /lib/x86_64-linux-gnu/libdl-2.19.so
7f84c02ca000-7f84c04c9000 ---p 00003000 08:07 2364031                    /lib/x86_64-linux-gnu/libdl-2.19.so
7f84c04c9000-7f84c04ca000 r--p 00002000 08:07 2364031                    /lib/x86_64-linux-gnu/libdl-2.19.so
7f84c04ca000-7f84c04cb000 rw-p 00003000 08:07 2364031                    /lib/x86_64-linux-gnu/libdl-2.19.so
7f84c04cb000-7f84c04e0000 r-xp 00000000 08:07 19943989                   /usr/lib/jvm/java-8-oracle/jre/lib/amd64/jli/libjli.so
7f84c04e0000-7f84c06e0000 ---p 00015000 08:07 19943989                   /usr/lib/jvm/java-8-oracle/jre/lib/amd64/jli/libjli.so
7f84c06e0000-7f84c06e1000 rw-p 00015000 08:07 19943989                   /usr/lib/jvm/java-8-oracle/jre/lib/amd64/jli/libjli.so
7f84c06e1000-7f84c06fa000 r-xp 00000000 08:07 2364052                    /lib/x86_64-linux-gnu/libpthread-2.19.so
7f84c06fa000-7f84c08f9000 ---p 00019000 08:07 2364052                    /lib/x86_64-linux-gnu/libpthread-2.19.so
7f84c08f9000-7f84c08fa000 r--p 00018000 08:07 2364052                    /lib/x86_64-linux-gnu/libpthread-2.19.so
7f84c08fa000-7f84c08fb000 rw-p 00019000 08:07 2364052                    /lib/x86_64-linux-gnu/libpthread-2.19.so
7f84c08fb000-7f84c08ff000 rw-p 00000000 00:00 0 
7f84c08ff000-7f84c0922000 r-xp 00000000 08:07 2364044                    /lib/x86_64-linux-gnu/ld-2.19.so
7f84c0933000-7f84c09fd000 rw-p 00000000 00:00 0 
7f84c09fd000-7f84c0a00000 ---p 00000000 00:00 0 
7f84c0a00000-7f84c0b02000 rw-p 00000000 00:00 0                          [stack:8019]
7f84c0b14000-7f84c0b15000 rw-p 00000000 00:00 0 
7f84c0b15000-7f84c0b1d000 rw-s 00000000 08:07 527890                     /tmp/hsperfdata_rishi/8018
7f84c0b1d000-7f84c0b1e000 rw-p 00000000 00:00 0 
7f84c0b1e000-7f84c0b1f000 ---p 00000000 00:00 0 
7f84c0b1f000-7f84c0b21000 rw-p 00000000 00:00 0 
7f84c0b21000-7f84c0b22000 r--p 00022000 08:07 2364044                    /lib/x86_64-linux-gnu/ld-2.19.so
7f84c0b22000-7f84c0b23000 rw-p 00023000 08:07 2364044                    /lib/x86_64-linux-gnu/ld-2.19.so
7f84c0b23000-7f84c0b24000 rw-p 00000000 00:00 0 
7ffd80719000-7ffd8073a000 rw-p 00000000 00:00 0                          [stack]
7ffd807dc000-7ffd807de000 r-xp 00000000 00:00 0                          [vdso]
ffffffffff600000-ffffffffff601000 r-xp 00000000 00:00 0                  [vsyscall]

VM Arguments:
java_command: p347
java_class_path (initial): .
Launcher Type: SUN_STANDARD

Environment Variables:
PATH=/home/rishi/bin:/usr/local/sbin:/usr/local/bin:/usr/sbin:/usr/bin:/sbin:/bin:/usr/games:/usr/local/games
SHELL=/bin/bash
DISPLAY=:0

Signal Handlers:
SIGSEGV: [libjvm.so+0xaad1e0], sa_mask[0]=11111111011111111101111111111110, sa_flags=SA_RESTART|SA_SIGINFO
SIGBUS: [libjvm.so+0xaad1e0], sa_mask[0]=11111111011111111101111111111110, sa_flags=SA_RESTART|SA_SIGINFO
SIGFPE: [libjvm.so+0x90b450], sa_mask[0]=11111111011111111101111111111110, sa_flags=SA_RESTART|SA_SIGINFO
SIGPIPE: [libjvm.so+0x90b450], sa_mask[0]=11111111011111111101111111111110, sa_flags=SA_RESTART|SA_SIGINFO
SIGXFSZ: [libjvm.so+0x90b450], sa_mask[0]=11111111011111111101111111111110, sa_flags=SA_RESTART|SA_SIGINFO
SIGILL: [libjvm.so+0x90b450], sa_mask[0]=11111111011111111101111111111110, sa_flags=SA_RESTART|SA_SIGINFO
SIGUSR1: SIG_DFL, sa_mask[0]=00000000000000000000000000000000, sa_flags=none
SIGUSR2: [libjvm.so+0x90ca90], sa_mask[0]=00000000000000000000000000000000, sa_flags=SA_RESTART|SA_SIGINFO
SIGHUP: [libjvm.so+0x90dde0], sa_mask[0]=11111111011111111101111111111110, sa_flags=SA_RESTART|SA_SIGINFO
SIGINT: [libjvm.so+0x90dde0], sa_mask[0]=11111111011111111101111111111110, sa_flags=SA_RESTART|SA_SIGINFO
SIGTERM: [libjvm.so+0x90dde0], sa_mask[0]=11111111011111111101111111111110, sa_flags=SA_RESTART|SA_SIGINFO
SIGQUIT: [libjvm.so+0x90dde0], sa_mask[0]=11111111011111111101111111111110, sa_flags=SA_RESTART|SA_SIGINFO


---------------  S Y S T E M  ---------------

OS:DISTRIB_ID=Ubuntu
DISTRIB_RELEASE=14.04
DISTRIB_CODENAME=trusty
DISTRIB_DESCRIPTION="Ubuntu 14.04.2 LTS"

uname:Linux 3.13.0-53-generic #89-Ubuntu SMP Wed May 20 10:34:39 UTC 2015 x86_64
libc:glibc 2.19 NPTL 2.19 
rlimit: STACK 8192k, CORE 0k, NPROC 59817, NOFILE 4096, AS infinity
load average:7.46 4.86 3.04

/proc/meminfo:
MemTotal:        7880952 kB
MemFree:          123348 kB
Buffers:             492 kB
Cached:           244248 kB
SwapCached:        63180 kB
Active:          6268116 kB
Inactive:        1281600 kB
Active(anon):    6259448 kB
Inactive(anon):  1236852 kB
Active(file):       8668 kB
Inactive(file):    44748 kB
Unevictable:          48 kB
Mlocked:              48 kB
SwapTotal:       6836220 kB
SwapFree:          54952 kB
Dirty:               152 kB
Writeback:             0 kB
AnonPages:       7243028 kB
Mapped:            50724 kB
Shmem:            191104 kB
Slab:              64028 kB
SReclaimable:      27288 kB
SUnreclaim:        36740 kB
KernelStack:        5168 kB
PageTables:        63136 kB
NFS_Unstable:          0 kB
Bounce:                0 kB
WritebackTmp:          0 kB
CommitLimit:    10776696 kB
Committed_AS:   18910436 kB
VmallocTotal:   34359738367 kB
VmallocUsed:      357696 kB
VmallocChunk:   34359371228 kB
HardwareCorrupted:     0 kB
AnonHugePages:   3176448 kB
HugePages_Total:       0
HugePages_Free:        0
HugePages_Rsvd:        0
HugePages_Surp:        0
Hugepagesize:       2048 kB
DirectMap4k:       85496 kB
DirectMap2M:     4859904 kB
DirectMap1G:     3145728 kB


CPU:total 4 (2 cores per cpu, 2 threads per core) family 6 model 69 stepping 1, cmov, cx8, fxsr, mmx, sse, sse2, sse3, ssse3, sse4.1, sse4.2, popcnt, avx, avx2, aes, clmul, erms, lzcnt, ht, tsc, tscinvbit, bmi1, bmi2

/proc/cpuinfo:
processor	: 0
vendor_id	: GenuineIntel
cpu family	: 6
model		: 69
model name	: Intel(R) Core(TM) i5-4200U CPU @ 1.60GHz
stepping	: 1
microcode	: 0x10
cpu MHz		: 759.000
cache size	: 3072 KB
physical id	: 0
siblings	: 4
core id		: 0
cpu cores	: 2
apicid		: 0
initial apicid	: 0
fpu		: yes
fpu_exception	: yes
cpuid level	: 13
wp		: yes
flags		: fpu vme de pse tsc msr pae mce cx8 apic sep mtrr pge mca cmov pat pse36 clflush dts acpi mmx fxsr sse sse2 ss ht tm pbe syscall nx pdpe1gb rdtscp lm constant_tsc arch_perfmon pebs bts rep_good nopl xtopology nonstop_tsc aperfmperf eagerfpu pni pclmulqdq dtes64 monitor ds_cpl vmx est tm2 ssse3 fma cx16 xtpr pdcm pcid sse4_1 sse4_2 movbe popcnt tsc_deadline_timer aes xsave avx f16c rdrand lahf_lm abm ida arat epb xsaveopt pln pts dtherm tpr_shadow vnmi flexpriority ept vpid fsgsbase tsc_adjust bmi1 avx2 smep bmi2 erms invpcid
bogomips	: 4589.73
clflush size	: 64
cache_alignment	: 64
address sizes	: 39 bits physical, 48 bits virtual
power management:

processor	: 1
vendor_id	: GenuineIntel
cpu family	: 6
model		: 69
model name	: Intel(R) Core(TM) i5-4200U CPU @ 1.60GHz
stepping	: 1
microcode	: 0x10
cpu MHz		: 1600.000
cache size	: 3072 KB
physical id	: 0
siblings	: 4
core id		: 0
cpu cores	: 2
apicid		: 1
initial apicid	: 1
fpu		: yes
fpu_exception	: yes
cpuid level	: 13
wp		: yes
flags		: fpu vme de pse tsc msr pae mce cx8 apic sep mtrr pge mca cmov pat pse36 clflush dts acpi mmx fxsr sse sse2 ss ht tm pbe syscall nx pdpe1gb rdtscp lm constant_tsc arch_perfmon pebs bts rep_good nopl xtopology nonstop_tsc aperfmperf eagerfpu pni pclmulqdq dtes64 monitor ds_cpl vmx est tm2 ssse3 fma cx16 xtpr pdcm pcid sse4_1 sse4_2 movbe popcnt tsc_deadline_timer aes xsave avx f16c rdrand lahf_lm abm ida arat epb xsaveopt pln pts dtherm tpr_shadow vnmi flexpriority ept vpid fsgsbase tsc_adjust bmi1 avx2 smep bmi2 erms invpcid
bogomips	: 4589.73
clflush size	: 64
cache_alignment	: 64
address sizes	: 39 bits physical, 48 bits virtual
power management:

processor	: 2
vendor_id	: GenuineIntel
cpu family	: 6
model		: 69
model name	: Intel(R) Core(TM) i5-4200U CPU @ 1.60GHz
stepping	: 1
microcode	: 0x10
cpu MHz		: 759.000
cache size	: 3072 KB
physical id	: 0
siblings	: 4
core id		: 1
cpu cores	: 2
apicid		: 2
initial apicid	: 2
fpu		: yes
fpu_exception	: yes
cpuid level	: 13
wp		: yes
flags		: fpu vme de pse tsc msr pae mce cx8 apic sep mtrr pge mca cmov pat pse36 clflush dts acpi mmx fxsr sse sse2 ss ht tm pbe syscall nx pdpe1gb rdtscp lm constant_tsc arch_perfmon pebs bts rep_good nopl xtopology nonstop_tsc aperfmperf eagerfpu pni pclmulqdq dtes64 monitor ds_cpl vmx est tm2 ssse3 fma cx16 xtpr pdcm pcid sse4_1 sse4_2 movbe popcnt tsc_deadline_timer aes xsave avx f16c rdrand lahf_lm abm ida arat epb xsaveopt pln pts dtherm tpr_shadow vnmi flexpriority ept vpid fsgsbase tsc_adjust bmi1 avx2 smep bmi2 erms invpcid
bogomips	: 4589.73
clflush size	: 64
cache_alignment	: 64
address sizes	: 39 bits physical, 48 bits virtual
power management:

processor	: 3
vendor_id	: GenuineIntel
cpu family	: 6
model		: 69
model name	: Intel(R) Core(TM) i5-4200U CPU @ 1.60GHz
stepping	: 1
microcode	: 0x10
cpu MHz		: 759.000
cache size	: 3072 KB
physical id	: 0
siblings	: 4
core id		: 1
cpu cores	: 2
apicid		: 3
initial apicid	: 3
fpu		: yes
fpu_exception	: yes
cpuid level	: 13
wp		: yes
flags		: fpu vme de pse tsc msr pae mce cx8 apic sep mtrr pge mca cmov pat pse36 clflush dts acpi mmx fxsr sse sse2 ss ht tm pbe syscall nx pdpe1gb rdtscp lm constant_tsc arch_perfmon pebs bts rep_good nopl xtopology nonstop_tsc aperfmperf eagerfpu pni pclmulqdq dtes64 monitor ds_cpl vmx est tm2 ssse3 fma cx16 xtpr pdcm pcid sse4_1 sse4_2 movbe popcnt tsc_deadline_timer aes xsave avx f16c rdrand lahf_lm abm ida arat epb xsaveopt pln pts dtherm tpr_shadow vnmi flexpriority ept vpid fsgsbase tsc_adjust bmi1 avx2 smep bmi2 erms invpcid
bogomips	: 4589.73
clflush size	: 64
cache_alignment	: 64
address sizes	: 39 bits physical, 48 bits virtual
power management:



Memory: 4k page, physical 7880952k(123100k free), swap 6836220k(54952k free)

vm_info: Java HotSpot(TM) 64-Bit Server VM (25.45-b02) for linux-amd64 JRE (1.8.0_45-b14), built on Apr 10 2015 10:07:45 by "java_re" with gcc 4.3.0 20080428 (Red Hat 4.3.0-8)

time: Mon Jun 15 12:14:36 2015
elapsed time: 27 seconds (0d 0h 0m 27s)

